<?xml version="1.0" encoding="UTF-8"?>
<!-- Generated by org.testng.reporters.JUnitReportReporter -->
<testsuite hostname="EGSPL-AUR601" failures="0" tests="1" name="testcases.LoginTest" time="176.678" errors="0" timestamp="2022-03-12T13:17:14 IST" skipped="0">
  <testcase classname="testcases.LoginTest" name="LoginSuccessTest" time="176.678"/>
  <system-out/>
</testsuite> <!-- testcases.LoginTest -->
