<?xml version="1.0" encoding="UTF-8"?>
<!-- Generated by org.testng.reporters.JUnitReportReporter -->
<testsuite hostname="EGSPL-AUR601" failures="0" tests="1" name="testcases.HomeTest" time="47.275" errors="0" timestamp="2022-03-06T12:00:13 IST" skipped="0">
  <testcase classname="testcases.HomeTest" name="HomeTest" time="47.275"/>
  <system-out/>
</testsuite> <!-- testcases.HomeTest -->
