<?xml version="1.0" encoding="UTF-8"?>
<!-- Generated by org.testng.reporters.JUnitReportReporter -->
<testsuite hostname="EGSPL-AUR601" failures="0" tests="4" name="testcases.LoginTest" time="199.820" errors="0" timestamp="2022-03-13T10:01:08 IST" skipped="0">
  <testcase classname="testcases.LoginTest" name="LoginSuccessTest" time="51.698"/>
  <system-out/>
  <testcase classname="testcases.LoginTest" name="LoginFailiureTest" time="53.240"/>
  <system-out/>
  <testcase classname="testcases.LoginTest" name="ParameterizedTest" time="48.575"/>
  <system-out/>
  <testcase classname="testcases.LoginTest" name="ExternalData" time="46.307"/>
  <system-out/>
</testsuite> <!-- testcases.LoginTest -->
